build/app/intermediates/manifest_merge_blame_file/release/manifest-merger-blame-release-report.txt
1<?xml version="1.0" encoding="utf-8"?>
2<manifest xmlns:android="http://schemas.android.com/apk/res/android"
3    package="com.merit.gold_rate"
4    android:versionCode="1"
5    android:versionName="1.0.0" >
6
7    <uses-sdk
8        android:minSdkVersion="21"
8-->src\main\AndroidManifest.xml
9        android:targetSdkVersion="33" />
9-->src\main\AndroidManifest.xml
10
11    <uses-permission android:name="android.permission.INTERNET" />
11-->src\main\AndroidManifest.xml:3:5-66
11-->src\main\AndroidManifest.xml:3:22-64
12    <uses-permission android:name="android.permission.QUERY_ALL_PACKAGES" />
12-->src\main\AndroidManifest.xml:4:5-77
12-->src\main\AndroidManifest.xml:4:22-74
13
14    <queries>
14-->src\main\AndroidManifest.xml:5:5-132
15        <intent>
15-->src\main\AndroidManifest.xml:5:15-121
16            <action android:name="android.intent.action.SENDTO" />
16-->src\main\AndroidManifest.xml:5:24-78
16-->src\main\AndroidManifest.xml:5:32-75
17
18            <data android:scheme="mailto" />
18-->src\main\AndroidManifest.xml:5:79-111
18-->src\main\AndroidManifest.xml:5:85-108
19        </intent>
20    </queries>
21    <queries>
21-->src\main\AndroidManifest.xml:5:5-132
22        <intent>
22-->src\main\AndroidManifest.xml:6:15-116
23            <action android:name="android.intent.action.VIEW" />
23-->src\main\AndroidManifest.xml:6:24-76
23-->src\main\AndroidManifest.xml:6:32-73
24
25            <data android:scheme="tel" />
25-->src\main\AndroidManifest.xml:5:79-111
25-->src\main\AndroidManifest.xml:5:85-108
26        </intent>
27    </queries>
28
29    <application
30        android:name="android.app.Application"
30-->src\main\AndroidManifest.xml:9:9-42
31        android:appComponentFactory="androidx.core.app.CoreComponentFactory"
31-->[androidx.core:core:1.6.0] AndroidManifest.xml:24:18-86
32        android:icon="@mipmap/ic_launcher"
32-->src\main\AndroidManifest.xml:10:9-43
33        android:label="MERIT GOLD" >
33-->src\main\AndroidManifest.xml:8:9-35
34        <activity
34-->src\main\AndroidManifest.xml:11:9-32:20
35            android:name="com.merit.gold_rate.MainActivity"
35-->src\main\AndroidManifest.xml:12:13-41
36            android:configChanges="orientation|keyboardHidden|keyboard|screenSize|smallestScreenSize|locale|layoutDirection|fontScale|screenLayout|density|uiMode"
36-->src\main\AndroidManifest.xml:17:13-163
37            android:exported="true"
37-->src\main\AndroidManifest.xml:14:13-36
38            android:hardwareAccelerated="true"
38-->src\main\AndroidManifest.xml:18:13-47
39            android:launchMode="singleTop"
39-->src\main\AndroidManifest.xml:15:13-43
40            android:theme="@style/LaunchTheme"
40-->src\main\AndroidManifest.xml:16:13-47
41            android:usesCleartextTraffic="true"
41-->src\main\AndroidManifest.xml:13:13-48
42            android:windowSoftInputMode="adjustResize" >
42-->src\main\AndroidManifest.xml:19:13-55
43
44            <!--
45                 Specifies an Android theme to apply to this Activity as soon as
46                 the Android process has started. This theme is visible to the user
47                 while the Flutter UI initializes. After that, this theme continues
48                 to determine the Window background behind the Flutter UI.
49            -->
50            <meta-data
50-->src\main\AndroidManifest.xml:24:13-27:17
51                android:name="io.flutter.embedding.android.NormalTheme"
51-->src\main\AndroidManifest.xml:25:15-70
52                android:resource="@style/NormalTheme" />
52-->src\main\AndroidManifest.xml:26:15-52
53
54            <intent-filter>
54-->src\main\AndroidManifest.xml:28:13-31:29
55                <action android:name="android.intent.action.MAIN" />
55-->src\main\AndroidManifest.xml:29:17-68
55-->src\main\AndroidManifest.xml:29:25-66
56
57                <category android:name="android.intent.category.LAUNCHER" />
57-->src\main\AndroidManifest.xml:30:17-76
57-->src\main\AndroidManifest.xml:30:27-74
58            </intent-filter>
59        </activity>
60        <!--
61             Don't delete the meta-data below.
62             This is used by the Flutter tool to generate GeneratedPluginRegistrant.java
63        -->
64        <meta-data
64-->src\main\AndroidManifest.xml:35:9-37:33
65            android:name="flutterEmbedding"
65-->src\main\AndroidManifest.xml:36:13-44
66            android:value="2" />
66-->src\main\AndroidManifest.xml:37:13-30
67
68        <activity
68-->[:url_launcher_android] AndroidManifest.xml:10:9-13:74
69            android:name="io.flutter.plugins.urllauncher.WebViewActivity"
69-->[:url_launcher_android] AndroidManifest.xml:11:13-74
70            android:exported="false"
70-->[:url_launcher_android] AndroidManifest.xml:12:13-37
71            android:theme="@android:style/Theme.NoTitleBar.Fullscreen" />
71-->[:url_launcher_android] AndroidManifest.xml:13:13-71
72
73        <uses-library
73-->[androidx.window:window:1.0.0-beta04] AndroidManifest.xml:25:9-27:40
74            android:name="androidx.window.extensions"
74-->[androidx.window:window:1.0.0-beta04] AndroidManifest.xml:26:13-54
75            android:required="false" />
75-->[androidx.window:window:1.0.0-beta04] AndroidManifest.xml:27:13-37
76        <uses-library
76-->[androidx.window:window:1.0.0-beta04] AndroidManifest.xml:28:9-30:40
77            android:name="androidx.window.sidecar"
77-->[androidx.window:window:1.0.0-beta04] AndroidManifest.xml:29:13-51
78            android:required="false" />
78-->[androidx.window:window:1.0.0-beta04] AndroidManifest.xml:30:13-37
79    </application>
80
81</manifest>